<?xml version="1.0" encoding="UTF-8"?>
<testng-results ignored="0" total="7" passed="7" failed="0" skipped="0">
  <reporter-output>
  </reporter-output>
  <suite started-at="2022-08-16T10:18:27 IST" name="Default suite" finished-at="2022-08-16T10:18:40 IST" duration-ms="13589">
    <groups>
    </groups>
    <test started-at="2022-08-16T10:18:27 IST" name="Default test" finished-at="2022-08-16T10:18:40 IST" duration-ms="13589">
      <class name="scenarios.All_Scenarios">
        <test-method signature="A_get_data()[pri:0, instance:scenarios.All_Scenarios@20f5239f]" started-at="2022-08-16T10:18:27 IST" name="A_get_data" finished-at="2022-08-16T10:18:33 IST" duration-ms="6143" status="PASS">
          <reporter-output>
          </reporter-output>
        </test-method> <!-- A_get_data -->
        <test-method signature="Bverify_id_username_password()[pri:1, instance:scenarios.All_Scenarios@20f5239f]" started-at="2022-08-16T10:18:33 IST" name="Bverify_id_username_password" finished-at="2022-08-16T10:18:34 IST" duration-ms="1137" status="PASS">
          <reporter-output>
          </reporter-output>
        </test-method> <!-- Bverify_id_username_password -->
        <test-method signature="Cid_notfound()[pri:2, instance:scenarios.All_Scenarios@20f5239f]" started-at="2022-08-16T10:18:34 IST" name="Cid_notfound" finished-at="2022-08-16T10:18:35 IST" duration-ms="1598" status="PASS">
          <reporter-output>
          </reporter-output>
        </test-method> <!-- Cid_notfound -->
        <test-method signature="Dupdate_response_in_Post_Api()[pri:3, instance:scenarios.All_Scenarios@20f5239f]" started-at="2022-08-16T10:18:35 IST" name="Dupdate_response_in_Post_Api" finished-at="2022-08-16T10:18:37 IST" duration-ms="1332" status="PASS">
          <reporter-output>
          </reporter-output>
        </test-method> <!-- Dupdate_response_in_Post_Api -->
        <test-method signature="Eupdate_id_integer_To_String()[pri:4, instance:scenarios.All_Scenarios@20f5239f]" started-at="2022-08-16T10:18:37 IST" name="Eupdate_id_integer_To_String" finished-at="2022-08-16T10:18:38 IST" duration-ms="1092" status="PASS">
          <reporter-output>
          </reporter-output>
        </test-method> <!-- Eupdate_id_integer_To_String -->
        <test-method signature="Fdelete_id()[pri:5, instance:scenarios.All_Scenarios@20f5239f]" started-at="2022-08-16T10:18:38 IST" name="Fdelete_id" finished-at="2022-08-16T10:18:39 IST" duration-ms="1087" status="PASS">
          <reporter-output>
          </reporter-output>
        </test-method> <!-- Fdelete_id -->
        <test-method signature="Ginvalid_id_enter()[pri:6, instance:scenarios.All_Scenarios@20f5239f]" started-at="2022-08-16T10:18:39 IST" name="Ginvalid_id_enter" finished-at="2022-08-16T10:18:40 IST" duration-ms="1087" status="PASS">
          <reporter-output>
          </reporter-output>
        </test-method> <!-- Ginvalid_id_enter -->
      </class> <!-- scenarios.All_Scenarios -->
    </test> <!-- Default test -->
  </suite> <!-- Default suite -->
</testng-results>
